{"level":"debug","ts":"2023-11-28T10:46:26.881+0800","msg":"sug:tring fetch url:http://www.baidu.com"}
{"level":"info","ts":"2023-11-28T10:46:26.933+0800","msg":"sug:fetch url succes"}
{"level":"debug","ts":"2023-11-28T10:46:26.933+0800","msg":"sug:tring fetch url:http://www.google.com"}
{"level":"info","ts":"2023-11-28T10:46:27.027+0800","msg":"sug:fetch url succes"}
{"level":"debug","ts":"2023-11-28T10:46:43.575+0800","msg":"sug:tring fetch url:http://www.baidu.com"}
{"level":"info","ts":"2023-11-28T10:46:43.628+0800","msg":"sug:fetch url succes"}
{"level":"debug","ts":"2023-11-28T10:46:43.628+0800","msg":"sug:tring fetch url:http://www.google.com"}
{"level":"info","ts":"2023-11-28T10:46:43.714+0800","msg":"sug:fetch url succes"}
{"level":"debug","ts":"2023-11-28T10:46:50.966+0800","msg":"sug:tring fetch url:http://www.baidu.com"}
{"level":"info","ts":"2023-11-28T10:46:51.017+0800","msg":"sug:fetch url succes"}
{"level":"debug","ts":"2023-11-28T10:46:51.017+0800","msg":"sug:tring fetch url:http://www.google.com"}
{"level":"info","ts":"2023-11-28T10:46:51.111+0800","msg":"sug:fetch url succes"}
{"level":"debug","ts":"2023-11-28T10:46:56.969+0800","msg":"sug:tring fetch url:http://www.baidu.com"}
{"level":"info","ts":"2023-11-28T10:46:57.012+0800","msg":"sug:fetch url succes"}
{"level":"debug","ts":"2023-11-28T10:46:57.012+0800","msg":"sug:tring fetch url:http://www.google.com"}
{"level":"info","ts":"2023-11-28T10:46:57.098+0800","msg":"sug:fetch url succes"}
{"level":"debug","ts":"2023-11-28T10:47:03.509+0800","msg":"sug:tring fetch url:http://www.baidu.com"}
{"level":"info","ts":"2023-11-28T10:47:03.547+0800","msg":"sug:fetch url succes"}
{"level":"debug","ts":"2023-11-28T10:47:03.547+0800","msg":"sug:tring fetch url:http://www.google.com"}
{"level":"info","ts":"2023-11-28T10:47:03.638+0800","msg":"sug:fetch url succes"}
{"level":"debug","ts":"2023-11-28T10:47:38.281+0800","msg":"sug:tring fetch url:http://www.baidu.com"}
{"level":"info","ts":"2023-11-28T10:47:38.325+0800","msg":"sug:fetch url succes"}
{"level":"debug","ts":"2023-11-28T10:47:38.325+0800","msg":"sug:tring fetch url:http://www.google.com"}
{"level":"info","ts":"2023-11-28T10:47:38.411+0800","msg":"sug:fetch url succes"}
{"level":"debug","ts":"2023-11-28T10:47:45.370+0800","msg":"sug:tring fetch url:http://www.baidu.com"}
{"level":"info","ts":"2023-11-28T10:47:45.417+0800","msg":"sug:fetch url succes"}
{"level":"debug","ts":"2023-11-28T10:47:45.417+0800","msg":"sug:tring fetch url:http://www.google.com"}
{"level":"info","ts":"2023-11-28T10:47:45.513+0800","msg":"sug:fetch url succes"}
{"level":"debug","ts":"2023-11-28T10:48:26.535+0800","msg":"sug:tring fetch url:http://www.baidu.com"}
{"level":"info","ts":"2023-11-28T10:48:26.587+0800","msg":"sug:fetch url succes"}
{"level":"debug","ts":"2023-11-28T10:48:26.587+0800","msg":"sug:tring fetch url:http://www.google.com"}
{"level":"info","ts":"2023-11-28T10:48:26.700+0800","msg":"sug:fetch url succes"}
{"level":"debug","ts":"2023-11-28","msg":"sug:tring fetch url:http://www.baidu.com"}
{"level":"info","ts":"2023-11-28","msg":"sug:fetch url succes"}
{"level":"debug","ts":"2023-11-28","msg":"sug:tring fetch url:http://www.google.com"}
{"level":"info","ts":"2023-11-28","msg":"sug:fetch url succes"}
{"level":"debug","ts":"2023-11-28 10:57:58","msg":"sug:tring fetch url:http://www.baidu.com"}
{"level":"info","ts":"2023-11-28 10:57:58","msg":"sug:fetch url succes"}
{"level":"debug","ts":"2023-11-28 10:57:58","msg":"sug:tring fetch url:http://www.google.com"}
{"level":"info","ts":"2023-11-28 10:57:58","msg":"sug:fetch url succes"}
