[33;22mW/WD       [02:00:14 tid:1067]  [main.cpp-166-initResource] check haveged
[0m[33;22mW/WD       [02:00:14 tid:1067]  [fileinfo.cc-1509-checkHaveGed] found haveged
[0m[33;22mW/WD       [02:00:14 tid:1067]  [main.cpp-173-initResource] check certs
[0m[33;22mW/WD       [02:00:14 tid:1067]  [main.cpp-184-initResource] kill boa program 
[0m[33;22mW/WD       [02:00:14 tid:1067]  [fileinfo.cc-1460-killBoa] found boa
[0m[33;22mW/WD       [02:00:14 tid:1067]  [fileinfo.cc-1450-findProgress] boa pid is 1046
[0m[33;22mW/WD       [02:00:14 tid:1067]  [fileinfo.cc-1462-killBoa] boa pid is 1046
[0m
[33;22mW/WD       [02:00:14 tid:1067] [main.cpp-196-initResource] init resource ok
[0m[34;22mV/LOCALSERVER [02:00:15 tid:1067]  [main.cpp-48-msg] System starts. Software Version is 0.0.0, Build time is Nov 21 2023 21:47:12 

[0m[33;22mW/WD       [02:00:16 tid:1132]  [login.cc-249-login] fail 1: Did not find out the MAC in MAC list, mac = 002194100737 - bob, remoteIp:192.168.111.160, mac:.
[0m[33;22mW/WD       [02:00:16 tid:1132]  [login.cc-249-login] fail 1: Did not find out the MAC in MAC list, mac = 00219410096e - bob, remoteIp:192.168.111.110, mac:.
[0m[33;22mW/WD       [02:00:17 tid:1132]  [login.cc-249-login] fail 1: Did not find out the MAC in MAC list, mac = 00219410059a - bob, remoteIp:192.168.111.235, mac:.
[0m[33;22mW/WD       [02:00:18 tid:1132]  [login.cc-249-login] fail 1: Did not find out the MAC in MAC list, mac = 002194100665 - bob, remoteIp:192.168.111.164, mac:.
[0m[33;22mW/WD       [02:00:18 tid:1132]  [login.cc-249-login] fail 1: Did not find out the MAC in MAC list, mac = 002194100b7c - bob, remoteIp:192.168.111.221, mac:.
[0m[33;22mW/WD       [02:00:19 tid:1132]  [login.cc-249-login] fail 1: Did not find out the MAC in MAC list, mac = 002194100433 - bob, remoteIp:192.168.111.213, mac:.
[0m
[33;22mW/WD       [02:27:51 tid:1128]  [info.cc-117-closeSendMsg] Communication with wechat is closed
[0m
[33;22mW/WD       [02:27:51 tid:1128]  [laneinfo.cc-102-operator()] Server set info.cgi report close!
[0m[33;22mW/WD       [02:59:52 tid:1116] The device was recently restarted.
[0m[33;22mW/WD       [02:59:58 tid:1116] The device was recently restarted.
[0m[33;22mW/WD       [03:00:03 tid:1116] The device was recently restarted.
[0m[33;22mW/WD       [03:00:09 tid:1116] The device was recently restarted.
[0m[33;22mW/WD       [08:00:16 tid:1132]  [info.cc-25-getParameters] json parse error
[0m
[33;22mW/WD       [08:00:18 tid:1132]  [info.cc-25-getParameters] json parse error
[0m[33;22mW/WD       [08:00:22 tid:1132]  [info.cc-25-getParameters] json parse error
[0m[33;22mW/WD       [08:00:22 tid:1132]  [info.cc-25-getParameters] json parse error
[0m
[33;22mW/WD       [08:00:23 tid:1132]  [info.cc-25-getParameters] json parse error
[0m
[33;22mW/WD       [08:00:24 tid:1132]  [info.cc-25-getParameters] json parse error
[0m[33;22mW/WD       [08:00:27 tid:1132]  [info.cc-25-getParameters] json parse error
[0m[33;22mW/WD       [08:00:30 tid:1132]  [info.cc-25-getParameters] json parse error
[0m[33;22mW/WD       [08:00:30 tid:1132]  [info.cc-25-getParameters] json parse error
[0m[33;22mW/WD       [08:00:31 tid:1132]  [info.cc-25-getParameters] json parse error
[0m[33;22mW/WD       [08:16:51 tid:1127]  [software.cc-548-compare] (setting_qt) will be update
[0m[31;22mE/ERROR    [12:00:55 tid:1127]  [fileinfo.cc-334-downloadAllCfgFile] Download file /AdNode/tmp/ls-config.sys error.
[0m[31;22mE/ERROR    [12:00:55 tid:1128]  [network.cc-597-postSyn] Error while sending request to server!-result:3, domain:https://server2.bob-solution.com, path:/login.php,req body :mac=002194700061.
[0m[31;22mE/ERROR    [12:00:55 tid:1128]  [permissions.cc-102-loginServer] Login error-resp is empty url:https://server2.bob-solution.com/login.php, postStr:mac=002194700061.
[0m[31;22mE/ERROR    [12:00:55 tid:1130]  [network.cc-597-postSyn] Error while sending request to server!-result:3, domain:https://server2.bob-solution.com, path:/uploading.php,req body :mac=002194700061&type=ad&cmd=request.
[0m[31;22mE/ERROR    [12:00:55 tid:1130]  [thread.cc-417-operator()] Get download permissions error!!
[0m[33;22mW/WD       [12:00:56 tid:1129]  [thread.cc-324-operator()] Server is not login, reload !!
[0m[31;22mE/ERROR    [12:00:56 tid:1129]  [thread.cc-333-operator()] Get upload permissions error.
[0m[31;22mE/ERROR    [12:00:58 tid:1128]  [network.cc-597-postSyn] Error while sending request to server!-result:3, domain:https://server2.bob-solution.com, path:/login.php,req body :mac=002194700061.
[0m[31;22mE/ERROR    [12:00:58 tid:1128]  [permissions.cc-102-loginServer] Login error-resp is empty url:https://server2.bob-solution.com/login.php, postStr:mac=002194700061.
[0m[31;22mE/ERROR    [12:00:58 tid:1127]  [network.cc-597-postSyn] Error while sending request to server!-result:3, domain:https://server2.bob-solution.com, path:/softwareNew.php,req body :mac=002194700061&t=cartvu&software=all&action=list.
[0m[31;22mE/ERROR    [12:00:58 tid:1127]  [software.cc-658-checkNeedUpdate] Post resp is emtpy!- url:https://server2.bob-solution.com/softwareNew.php,post:mac=002194700061&t=cartvu&software=all&action=list.
[0m[31;22mE/ERROR    [12:00:58 tid:1127]  [software.cc-658-checkNeedUpdate] Post resp is emtpy!- url:https://server2.bob-solution.com/softwareNew.php,post:mac=002194700061&t=media&software=all&action=list.
[0m[31;22mE/ERROR    [12:00:58 tid:1127]  [software.cc-658-checkNeedUpdate] Post resp is emtpy!- url:https://server2.bob-solution.com/softwareNew.php,post:mac=002194700061&t=localnode&software=all&action=list.
[0m
[31;22mE/ERROR    [12:01:01 tid:1128]  [network.cc-597-postSyn] Error while sending request to server!-result:3, domain:https://server2.bob-solution.com, path:/login.php,req body :mac=002194700061.
[0m[31;22mE/ERROR    [12:01:01 tid:1128]  [permissions.cc-102-loginServer] Login error-resp is empty url:https://server2.bob-solution.com/login.php, postStr:mac=002194700061.
[0m[31;22mE/ERROR    [12:01:04 tid:1128]  [network.cc-597-postSyn] Error while sending request to server!-result:3, domain:https://server2.bob-solution.com, path:/login.php,req body :mac=002194700061.
[0m[31;22mE/ERROR    [12:01:04 tid:1128]  [permissions.cc-102-loginServer] Login error-resp is empty url:https://server2.bob-solution.com/login.php, postStr:mac=002194700061.
[0m[31;22mE/ERROR    [12:01:07 tid:1128]  [network.cc-597-postSyn] Error while sending request to server!-result:3, domain:https://server2.bob-solution.com, path:/login.php,req body :mac=002194700061.
[0m[31;22mE/ERROR    [12:01:07 tid:1128]  [permissions.cc-102-loginServer] Login error-resp is empty url:https://server2.bob-solution.com/login.php, postStr:mac=002194700061.
[0m[31;22mE/ERROR    [12:01:10 tid:1128]  [network.cc-597-postSyn] Error while sending request to server!-result:3, domain:https://server2.bob-solution.com, path:/login.php,req body :mac=002194700061.
[0m[31;22mE/ERROR    [12:01:10 tid:1128]  [permissions.cc-102-loginServer] Login error-resp is empty url:https://server2.bob-solution.com/login.php, postStr:mac=002194700061.
[0m
[31;22mE/ERROR    [13:00:51 tid:1130]  [thread.cc-401-operator()] (donwloadAd):Network Error
[0m[31;22mE/ERROR    [13:00:51 tid:1127]  [thread.cc-146-operator()] (Software):Network Error 
[0m[31;22mE/ERROR    [13:00:57 tid:1129]  [thread.cc-313-operator()] (AlarmImage):Network Error 
[0m[31;22mE/ERROR    [13:01:10 tid:1116]  [signal_handler.cpp-180-asyncSignalHandler] received async signal 11
[0m[31;22mE/ERROR    [13:01:10 tid:1116]  [mediainfo.h-24-~Media] clean media class
[0m
[31;22mE/ERROR    [13:01:10 tid:1116]  [bobinfo.h-29-~Bob] clean bob class
[0m[31;22mE/ERROR    [13:01:11 tid:1067]  [signal_handler.cpp-180-asyncSignalHandler] received async signal 11
[0m[33;22mW/WD       [13:01:54 tid:1068]  [main.cpp-166-initResource] check haveged
[0m[33;22mW/WD       [13:01:54 tid:1068]  [fileinfo.cc-1509-checkHaveGed] found haveged
[0m[33;22mW/WD       [13:01:54 tid:1068]  [main.cpp-173-initResource] check certs
[0m[33;22mW/WD       [13:01:54 tid:1068]  [main.cpp-184-initResource] kill boa program 
[0m[33;22mW/WD       [13:01:54 tid:1068]  [fileinfo.cc-1460-killBoa] found boa
[0m[33;22mW/WD       [13:01:54 tid:1068]  [fileinfo.cc-1450-findProgress] boa pid is 1049
[0m[33;22mW/WD       [13:01:54 tid:1068]  [fileinfo.cc-1462-killBoa] boa pid is 1049
[0m
[33;22mW/WD       [13:01:55 tid:1068] [main.cpp-196-initResource] init resource ok
[0m[34;22mV/LOCALSERVER [13:01:55 tid:1068]  [main.cpp-48-msg] System starts. Software Version is 0.0.0, Build time is Nov 21 2023 21:47:12 

[0m[33;22mW/WD       [13:28:33 tid:1118]  [info.cc-117-closeSendMsg] Communication with wechat is closed
[0m[33;22mW/WD       [13:28:33 tid:1118]  [laneinfo.cc-102-operator()] Server set info.cgi report close!
[0m[31;22mE/ERROR    [14:54:37 tid:1117]  [network.cc-597-postSyn] Error while sending request to server!-result:2, domain:https://server2.bob-solution.com, path:/uploading.php,req body :mac=002194700061&type=ad&cmd=request.
[0m